#
# A fatal error has been detected by the Java Runtime Environment:
#
#  EXCEPTION_ACCESS_VIOLATION (0xc0000005) at pc=0x197300f7, pid=6520, tid=6368
#
# JRE version: 6.0_20-b02
# Java VM: Java HotSpot(TM) Client VM (16.3-b01 mixed mode windows-x86 )
# Problematic frame:
# C  [atioglxx.dll+0x900f7]
#
# If you would like to submit a bug report, please visit:
#   http://java.sun.com/webapps/bugreport/crash.jsp
# The crash happened outside the Java Virtual Machine in native code.
# See problematic frame for where to report the bug.
#

---------------  T H R E A D  ---------------

Current thread (0x18a95800):  JavaThread "LWJGL Application" [_thread_in_native, id=6368, stack(0x19210000,0x19260000)]

siginfo: ExceptionCode=0xc0000005, reading address 0x00000007

Registers:
EAX=0x00000000, EBX=0x1a456fb0, ECX=0x1a441e70, EDX=0x00000000
ESP=0x19259838, EBP=0x00000000, ESI=0x69ea62f0, EDI=0x1a441e70
EIP=0x197300f7, EFLAGS=0x00010212

Top of Stack: (sp=0x19259838)
0x19259838:   00000000 00000000 1973c84c 1a441e70
0x19259848:   00000000 19259864 4c41a060 00000000
0x19259858:   2108ecc8 1a456fb0 19c303d2 00000000
0x19259868:   00000000 00000000 19c303e8 00000000
0x19259878:   00000000 00000000 1a456fb0 2108ecd0
0x19259888:   2108ecc8 2108eccc 00000000 19ca3001
0x19259898:   1a456fb0 2108ecc8 2108eccc 2108ecd0
0x192598a8:   00000013 192598d0 1925c7b0 00000001 

Instructions: (pc=0x197300f7)
0x197300e7:   cc cc cc cc cc cc cc cc cc 8b 4c 24 04 83 ec 08
0x197300f7:   80 78 07 62 56 8b 74 24 18 57 75 0f e8 78 15 00 


Stack: [0x19210000,0x19260000],  sp=0x19259838,  free space=1261925931ck
Native frames: (J=compiled Java code, j=interpreted, Vv=VM code, C=native code)
C  [atioglxx.dll+0x900f7]

[error occurred during error reporting (printing native stack), id 0xc0000005]

Java frames: (J=compiled Java code, j=interpreted, Vv=VM code)
J  org.lwjgl.opengl.GL11.nglBindTexture(IIJ)V
J  com.badlogic.gdx.graphics.g2d.SpriteBatch.renderMesh()V
J  com.badlogic.gdx.graphics.g2d.SpriteBatch.switchTexture(Lcom/badlogic/gdx/graphics/Texture;)V
J  com.badlogic.gdx.graphics.g2d.SpriteBatch.draw(Lcom/badlogic/gdx/graphics/Texture;FF)V
J  com.box2d.main.Game.update_texture()V
J  com.box2d.main.Game.render()V
j  com.badlogic.gdx.backends.lwjgl.LwjglApplication.mainLoop()V+461
j  com.badlogic.gdx.backends.lwjgl.LwjglApplication$1.run()V+27
v  ~StubRoutines::call_stub

---------------  P R O C E S S  ---------------

Java Threads: ( => current thread )
  0x02399400 JavaThread "DestroyJavaVM" [_thread_blocked, id=5192, stack(0x00330000,0x00380000)]
=>0x18a95800 JavaThread "LWJGL Application" [_thread_in_native, id=6368, stack(0x19210000,0x19260000)]
  0x02473000 JavaThread "Low Memory Detector" daemon [_thread_blocked, id=6756, stack(0x18920000,0x18970000)]
  0x0246e400 JavaThread "CompilerThread0" daemon [_thread_blocked, id=5392, stack(0x18890000,0x188e0000)]
  0x0246c400 JavaThread "Attach Listener" daemon [_thread_blocked, id=6408, stack(0x18800000,0x18850000)]
  0x02469800 JavaThread "Signal Dispatcher" daemon [_thread_blocked, id=1552, stack(0x18770000,0x187c0000)]
  0x02436800 JavaThread "Finalizer" daemon [_thread_blocked, id=1068, stack(0x186e0000,0x18730000)]
  0x02435400 JavaThread "Reference Handler" daemon [_thread_blocked, id=980, stack(0x18650000,0x186a0000)]

Other Threads:
  0x02432400 VMThread [stack: 0x185c0000,0x18610000] [id=4452]
  0x02485000 WatcherThread [stack: 0x189b0000,0x18a00000] [id=4504]

VM state:not at safepoint (normal execution)

VM Mutex/Monitor currently owned by a thread: None

Heap
 def new generation   total 13824K, used 3568K [0x044a0000, 0x053a0000, 0x099f0000)
  eden space 12288K,  21% used [0x044a0000, 0x0473cd28, 0x050a0000)
  from space 1536K,  58% used [0x050a0000, 0x0517f480, 0x05220000)
  to   space 1536K,   0% used [0x05220000, 0x05220000, 0x053a0000)
 tenured generation   total 30616K, used 19647K [0x099f0000, 0x0b7d6000, 0x144a0000)
   the space 30616K,  64% used [0x099f0000, 0x0ad1fe78, 0x0ad20000, 0x0b7d6000)
 compacting perm gen  total 12288K, used 4267K [0x144a0000, 0x150a0000, 0x184a0000)
   the space 12288K,  34% used [0x144a0000, 0x148caff0, 0x148cb000, 0x150a0000)
No shared spaces configured.

Dynamic libraries:
0x00400000 - 0x00424000 	C:\Program Files (x86)\Java\jre6\bin\javaw.exe
0x77860000 - 0x779e0000 	C:\Windows\SysWOW64\ntdll.dll
0x75b60000 - 0x75c60000 	C:\Windows\syswow64\kernel32.dll
0x76b40000 - 0x76b86000 	C:\Windows\syswow64\KERNELBASE.dll
0x73230000 - 0x73267000 	C:\Program Files\AVAST Software\Avast\snxhk.dll
0x76a10000 - 0x76ab0000 	C:\Windows\syswow64\ADVAPI32.dll
0x76bf0000 - 0x76c9c000 	C:\Windows\syswow64\msvcrt.dll
0x77000000 - 0x77019000 	C:\Windows\SysWOW64\sechost.dll
0x75990000 - 0x75a80000 	C:\Windows\syswow64\RPCRT4.dll
0x753d0000 - 0x75430000 	C:\Windows\syswow64\SspiCli.dll
0x753c0000 - 0x753cc000 	C:\Windows\syswow64\CRYPTBASE.dll
0x75850000 - 0x75950000 	C:\Windows\syswow64\USER32.dll
0x756f0000 - 0x75780000 	C:\Windows\syswow64\GDI32.dll
0x76a00000 - 0x76a0a000 	C:\Windows\syswow64\LPK.dll
0x771b0000 - 0x7724d000 	C:\Windows\syswow64\USP10.dll
0x76900000 - 0x76960000 	C:\Windows\system32\IMM32.DLL
0x75780000 - 0x7584c000 	C:\Windows\syswow64\MSCTF.dll
0x7c340000 - 0x7c396000 	C:\Program Files (x86)\Java\jre6\bin\msvcr71.dll
0x6d800000 - 0x6da97000 	C:\Program Files (x86)\Java\jre6\bin\client\jvm.dll
0x70a30000 - 0x70a62000 	C:\Windows\system32\WINMM.dll
0x73180000 - 0x731cb000 	C:\Windows\system32\apphelp.dll
0x6d7b0000 - 0x6d7bc000 	C:\Program Files (x86)\Java\jre6\bin\verify.dll
0x6d330000 - 0x6d34f000 	C:\Program Files (x86)\Java\jre6\bin\java.dll
0x6d290000 - 0x6d298000 	C:\Program Files (x86)\Java\jre6\bin\hpi.dll
0x769f0000 - 0x769f5000 	C:\Windows\syswow64\PSAPI.DLL
0x6d7f0000 - 0x6d7ff000 	C:\Program Files (x86)\Java\jre6\bin\zip.dll
0x69080000 - 0x690e3000 	C:\Users\aitch_nu\AppData\Local\Temp\libgdxaitch_nu\3593929314\gdx.dll
0x18c00000 - 0x18c73000 	C:\Users\aitch_nu\AppData\Local\Temp\libgdxaitch_nu\3593929314\lwjgl.dll
0x6f6f0000 - 0x6f88e000 	C:\Windows\WinSxS\x86_microsoft.windows.common-controls_6595b64144ccf1df_6.0.7600.16385_none_421189da2b7fabfc\COMCTL32.dll
0x76b90000 - 0x76be7000 	C:\Windows\syswow64\SHLWAPI.dll
0x64010000 - 0x640d8000 	C:\Windows\system32\OPENGL32.dll
0x6b530000 - 0x6b552000 	C:\Windows\system32\GLU32.dll
0x6b440000 - 0x6b527000 	C:\Windows\system32\DDRAW.dll
0x74830000 - 0x74836000 	C:\Windows\system32\DCIMAN32.dll
0x75540000 - 0x756dd000 	C:\Windows\syswow64\SETUPAPI.dll
0x75a80000 - 0x75aa7000 	C:\Windows\syswow64\CFGMGR32.dll
0x76960000 - 0x769ef000 	C:\Windows\syswow64\OLEAUT32.dll
0x76ea0000 - 0x76ffc000 	C:\Windows\syswow64\ole32.dll
0x77050000 - 0x77062000 	C:\Windows\syswow64\DEVOBJ.dll
0x6d5a0000 - 0x6d5b3000 	C:\Windows\system32\dwmapi.dll
0x73c10000 - 0x73c19000 	C:\Windows\system32\VERSION.dll
0x18d80000 - 0x18de1000 	C:\Users\aitch_nu\AppData\Local\Temp\libgdxaitch_nu\3593929314\OpenAL32.dll
0x75cb0000 - 0x768f9000 	C:\Windows\syswow64\SHELL32.dll
0x6f410000 - 0x6f490000 	C:\Windows\system32\uxtheme.dll
0x76ab0000 - 0x76b33000 	C:\Windows\syswow64\CLBCatQ.DLL
0x74250000 - 0x74345000 	C:\Windows\System32\PROPSYS.dll
0x77020000 - 0x7704d000 	C:\Windows\syswow64\WINTRUST.dll
0x772e0000 - 0x773fc000 	C:\Windows\syswow64\CRYPT32.dll
0x75430000 - 0x7543c000 	C:\Windows\syswow64\MSASN1.dll
0x6ab70000 - 0x6abe2000 	C:\Windows\system32\dsound.dll
0x70f40000 - 0x70f65000 	C:\Windows\system32\POWRPROF.dll
0x74fe0000 - 0x75019000 	C:\Windows\System32\MMDevApi.dll
0x74f50000 - 0x74f86000 	C:\Windows\system32\AUDIOSES.DLL
0x196a0000 - 0x1a32f000 	C:\Windows\system32\atioglxx.dll
0x75950000 - 0x75985000 	C:\Windows\syswow64\WS2_32.dll
0x756e0000 - 0x756e6000 	C:\Windows\syswow64\NSI.dll
0x1a470000 - 0x1a4a3000 	C:\Windows\system32\atiadlxy.dll
0x1a4b0000 - 0x1a4e8000 	C:\Program Files\WIDCOMM\Bluetooth Software\SysWOW64\BtMmHook.dll
0x70860000 - 0x708d9000 	C:\Windows\system32\mscms.dll
0x73be0000 - 0x73bf7000 	C:\Windows\system32\USERENV.dll
0x73bd0000 - 0x73bdb000 	C:\Windows\system32\profapi.dll
0x69350000 - 0x69388000 	C:\Windows\system32\icm32.dll

VM Arguments:
jvm_args: -Dfile.encoding=Cp1252 
java_command: com.box2d.desktop.Main
Launcher Type: SUN_STANDARD

Environment Variables:
PATH=C:/Program Files (x86)/Java/jre6/bin/client;C:/Program Files (x86)/Java/jre6/bin;C:/Program Files (x86)/Java/jre6/lib/i386;C:\Program Files\Common Files\Microsoft Shared\Windows Live;C:\Windows\system32;C:\Windows;C:\Windows\System32\Wbem;C:\Windows\System32\WindowsPowerShell\v1.0\;C:\Program Files\WIDCOMM\Bluetooth Software\;C:\Program Files\WIDCOMM\Bluetooth Software\syswow64;\;C:\Program Files (x86)\Sony\VAIO Startup Setting Tool;c:\Program Files (x86)\ATI Technologies\ATI.ACE\Core-Static;C:\Program Files\doxygen\bin;C:\Program Files\TortoiseSVN\bin;C:\Program Files (x86)\Microsoft SQL Server\90\Tools\binn\;C:\android-ndk-r8;C:\Program Files (x86)\Nmap;C:\Program Files (x86)\OpenVPN\bin;C:\eclipse\eclipse;
USERNAME=aitch_nu
OS=Windows_NT
PROCESSOR_IDENTIFIER=Intel64 Family 6 Model 37 Stepping 5, GenuineIntel



---------------  S Y S T E M  ---------------

OS: Windows 7 Build 7600 

CPU:total 4 (8 cores per cpu, 2 threads per core) family 6 model 37 stepping 5, cmov, cx8, fxsr, mmx, sse, sse2, sse3, ssse3, sse4.1, sse4.2, popcnt, ht

Memory: 4k page, physical 4044900k(707944k free), swap 8087900k(3113776k free)

vm_info: Java HotSpot(TM) Client VM (16.3-b01) for windows-x86 JRE (1.6.0_20-b02), built on Apr 12 2010 13:52:23 by "java_re" with MS VC++ 7.1 (VS2003)

time: Tue May 29 20:34:24 2012
elapsed time: 112 seconds

