#
# A fatal error has been detected by the Java Runtime Environment:
#
#  EXCEPTION_ACCESS_VIOLATION (0xc0000005) at pc=0x197400f7, pid=5424, tid=2684
#
# JRE version: 6.0_20-b02
# Java VM: Java HotSpot(TM) Client VM (16.3-b01 mixed mode windows-x86 )
# Problematic frame:
# C  [atioglxx.dll+0x900f7]
#
# If you would like to submit a bug report, please visit:
#   http://java.sun.com/webapps/bugreport/crash.jsp
# The crash happened outside the Java Virtual Machine in native code.
# See problematic frame for where to report the bug.
#

---------------  T H R E A D  ---------------

Current thread (0x18b10800):  JavaThread "LWJGL Application" [_thread_in_native, id=2684, stack(0x19660000,0x196b0000)]

siginfo: ExceptionCode=0xc0000005, reading address 0x00000007

Registers:
EAX=0x00000000, EBX=0x1a597060, ECX=0x1a581f20, EDX=0x00000000
ESP=0x196a9818, EBP=0x00000000, ESI=0x6a0fba30, EDI=0x1a581f20
EIP=0x197400f7, EFLAGS=0x00010216

Top of Stack: (sp=0x196a9818)
0x196a9818:   00000000 00000000 1974c84c 1a581f20
0x196a9828:   00000000 196a9844 65ce7f80 00000000
0x196a9838:   1bd873c8 1a597060 19c403d2 00000000
0x196a9848:   00000000 00000000 19c403e8 00000000
0x196a9858:   00000000 00000000 1a597060 1bd873d0
0x196a9868:   1bd873c8 1bd873cc 00000000 19cb3001
0x196a9878:   1a597060 1bd873c8 1bd873cc 1bd873d0
0x196a9888:   00000013 196a98b0 196ac790 00000001 

Instructions: (pc=0x197400f7)
0x197400e7:   cc cc cc cc cc cc cc cc cc 8b 4c 24 04 83 ec 08
0x197400f7:   80 78 07 62 56 8b 74 24 18 57 75 0f e8 78 15 00 


Stack: [0x19660000,0x196b0000],  sp=0x196a9818,  free space=126196a92fck
Native frames: (J=compiled Java code, j=interpreted, Vv=VM code, C=native code)
C  [atioglxx.dll+0x900f7]

[error occurred during error reporting (printing native stack), id 0xc0000005]

Java frames: (J=compiled Java code, j=interpreted, Vv=VM code)
J  org.lwjgl.opengl.GL11.nglBindTexture(IIJ)V
J  com.badlogic.gdx.graphics.g2d.SpriteBatch.renderMesh()V
J  com.badlogic.gdx.graphics.g2d.SpriteBatch.switchTexture(Lcom/badlogic/gdx/graphics/Texture;)V
J  com.badlogic.gdx.graphics.g2d.SpriteBatch.draw(Lcom/badlogic/gdx/graphics/Texture;[FII)V
J  com.box2d.main.TexWrapper.load_texture(Lcom/badlogic/gdx/graphics/g2d/SpriteBatch;)V
J  com.box2d.main.Rectangle.load_texture(Lcom/badlogic/gdx/graphics/g2d/SpriteBatch;)V
J  com.box2d.main.ObjectManager.load_texture()V
J  com.box2d.main.Game.render()V
j  com.badlogic.gdx.backends.lwjgl.LwjglApplication.mainLoop()V+461
j  com.badlogic.gdx.backends.lwjgl.LwjglApplication$1.run()V+27
v  ~StubRoutines::call_stub

---------------  P R O C E S S  ---------------

Java Threads: ( => current thread )
  0x01f19400 JavaThread "DestroyJavaVM" [_thread_blocked, id=6856, stack(0x00430000,0x00480000)]
=>0x18b10800 JavaThread "LWJGL Application" [_thread_in_native, id=2684, stack(0x19660000,0x196b0000)]
  0x01e5f400 JavaThread "Low Memory Detector" daemon [_thread_blocked, id=6684, stack(0x18960000,0x189b0000)]
  0x01e5e400 JavaThread "CompilerThread0" daemon [_thread_blocked, id=5740, stack(0x188d0000,0x18920000)]
  0x01e5c800 JavaThread "Attach Listener" daemon [_thread_blocked, id=1440, stack(0x18840000,0x18890000)]
  0x01e59800 JavaThread "Signal Dispatcher" daemon [_thread_blocked, id=6924, stack(0x187b0000,0x18800000)]
  0x01e2a000 JavaThread "Finalizer" daemon [_thread_blocked, id=1060, stack(0x18720000,0x18770000)]
  0x01e25400 JavaThread "Reference Handler" daemon [_thread_blocked, id=6280, stack(0x18690000,0x186e0000)]

Other Threads:
  0x01e22800 VMThread [stack: 0x18600000,0x18650000] [id=2988]
  0x01e61400 WatcherThread [stack: 0x189f0000,0x18a40000] [id=3528]

VM state:not at safepoint (normal execution)

VM Mutex/Monitor currently owned by a thread: None

Heap
 def new generation   total 14016K, used 1808K [0x04550000, 0x05480000, 0x09aa0000)
  eden space 12480K,   7% used [0x04550000, 0x0462c370, 0x05180000)
  from space 1536K,  60% used [0x05300000, 0x053e7f48, 0x05480000)
  to   space 1536K,   0% used [0x05180000, 0x05180000, 0x05300000)
 tenured generation   total 30976K, used 19520K [0x09aa0000, 0x0b8e0000, 0x14550000)
   the space 30976K,  63% used [0x09aa0000, 0x0adb0248, 0x0adb0400, 0x0b8e0000)
 compacting perm gen  total 12288K, used 4782K [0x14550000, 0x15150000, 0x18550000)
   the space 12288K,  38% used [0x14550000, 0x149fb850, 0x149fba00, 0x15150000)
No shared spaces configured.

Dynamic libraries:
0x00400000 - 0x00424000 	C:\Program Files (x86)\Java\jre6\bin\javaw.exe
0x774a0000 - 0x77620000 	C:\Windows\SysWOW64\ntdll.dll
0x75720000 - 0x75820000 	C:\Windows\syswow64\kernel32.dll
0x76e60000 - 0x76ea6000 	C:\Windows\syswow64\KERNELBASE.dll
0x72650000 - 0x72687000 	C:\Program Files\AVAST Software\Avast\snxhk.dll
0x76010000 - 0x760b0000 	C:\Windows\syswow64\ADVAPI32.dll
0x75940000 - 0x759ec000 	C:\Windows\syswow64\msvcrt.dll
0x75660000 - 0x75679000 	C:\Windows\SysWOW64\sechost.dll
0x75070000 - 0x75160000 	C:\Windows\syswow64\RPCRT4.dll
0x75010000 - 0x75070000 	C:\Windows\syswow64\SspiCli.dll
0x75000000 - 0x7500c000 	C:\Windows\syswow64\CRYPTBASE.dll
0x76fa0000 - 0x770a0000 	C:\Windows\syswow64\USER32.dll
0x75e90000 - 0x75f20000 	C:\Windows\syswow64\GDI32.dll
0x75df0000 - 0x75dfa000 	C:\Windows\syswow64\LPK.dll
0x75680000 - 0x7571d000 	C:\Windows\syswow64\USP10.dll
0x75e00000 - 0x75e60000 	C:\Windows\system32\IMM32.DLL
0x75220000 - 0x752ec000 	C:\Windows\syswow64\MSCTF.dll
0x7c340000 - 0x7c396000 	C:\Program Files (x86)\Java\jre6\bin\msvcr71.dll
0x6d800000 - 0x6da97000 	C:\Program Files (x86)\Java\jre6\bin\client\jvm.dll
0x6d090000 - 0x6d0c2000 	C:\Windows\system32\WINMM.dll
0x72400000 - 0x7244b000 	C:\Windows\system32\apphelp.dll
0x6d7b0000 - 0x6d7bc000 	C:\Program Files (x86)\Java\jre6\bin\verify.dll
0x6d330000 - 0x6d34f000 	C:\Program Files (x86)\Java\jre6\bin\java.dll
0x6d290000 - 0x6d298000 	C:\Program Files (x86)\Java\jre6\bin\hpi.dll
0x76f90000 - 0x76f95000 	C:\Windows\syswow64\PSAPI.DLL
0x6d7f0000 - 0x6d7ff000 	C:\Program Files (x86)\Java\jre6\bin\zip.dll
0x69080000 - 0x690e3000 	C:\Users\aitch_nu\AppData\Local\Temp\libgdxaitch_nu\3593929314\gdx.dll
0x18c40000 - 0x18cb3000 	C:\Users\aitch_nu\AppData\Local\Temp\libgdxaitch_nu\3593929314\lwjgl.dll
0x72450000 - 0x725ee000 	C:\Windows\WinSxS\x86_microsoft.windows.common-controls_6595b64144ccf1df_6.0.7600.16385_none_421189da2b7fabfc\COMCTL32.dll
0x75600000 - 0x75657000 	C:\Windows\syswow64\SHLWAPI.dll
0x67910000 - 0x679d8000 	C:\Windows\system32\OPENGL32.dll
0x74430000 - 0x74452000 	C:\Windows\system32\GLU32.dll
0x737d0000 - 0x738b7000 	C:\Windows\system32\DDRAW.dll
0x74000000 - 0x74006000 	C:\Windows\system32\DCIMAN32.dll
0x75af0000 - 0x75c8d000 	C:\Windows\syswow64\SETUPAPI.dll
0x75e60000 - 0x75e87000 	C:\Windows\syswow64\CFGMGR32.dll
0x75f30000 - 0x75fbf000 	C:\Windows\syswow64\OLEAUT32.dll
0x75c90000 - 0x75dec000 	C:\Windows\syswow64\ole32.dll
0x761f0000 - 0x76202000 	C:\Windows\syswow64\DEVOBJ.dll
0x70440000 - 0x70453000 	C:\Windows\system32\dwmapi.dll
0x74c00000 - 0x74c09000 	C:\Windows\system32\VERSION.dll
0x18e30000 - 0x18e91000 	C:\Users\aitch_nu\AppData\Local\Temp\libgdxaitch_nu\3593929314\OpenAL32.dll
0x76210000 - 0x76e59000 	C:\Windows\syswow64\SHELL32.dll
0x6fe80000 - 0x6ff00000 	C:\Windows\system32\uxtheme.dll
0x75190000 - 0x75213000 	C:\Windows\syswow64\CLBCatQ.DLL
0x6f5f0000 - 0x6f6e5000 	C:\Windows\System32\PROPSYS.dll
0x75160000 - 0x7518d000 	C:\Windows\syswow64\WINTRUST.dll
0x75820000 - 0x7593c000 	C:\Windows\syswow64\CRYPT32.dll
0x77470000 - 0x7747c000 	C:\Windows\syswow64\MSASN1.dll
0x67d70000 - 0x67de2000 	C:\Windows\system32\dsound.dll
0x6d0d0000 - 0x6d0f5000 	C:\Windows\system32\POWRPROF.dll
0x69e50000 - 0x69e89000 	C:\Windows\System32\MMDevApi.dll
0x69dc0000 - 0x69df6000 	C:\Windows\system32\AUDIOSES.DLL
0x196b0000 - 0x1a33f000 	C:\Windows\system32\atioglxx.dll
0x76f50000 - 0x76f85000 	C:\Windows\syswow64\WS2_32.dll
0x75f20000 - 0x75f26000 	C:\Windows\syswow64\NSI.dll
0x1a340000 - 0x1a373000 	C:\Windows\system32\atiadlxy.dll
0x1adb0000 - 0x1ade8000 	C:\Program Files\WIDCOMM\Bluetooth Software\SysWOW64\BtMmHook.dll
0x6cf60000 - 0x6cfd9000 	C:\Windows\system32\mscms.dll
0x734e0000 - 0x734f7000 	C:\Windows\system32\USERENV.dll
0x734d0000 - 0x734db000 	C:\Windows\system32\profapi.dll
0x74320000 - 0x74358000 	C:\Windows\system32\icm32.dll

VM Arguments:
jvm_args: -Dfile.encoding=Cp1252 
java_command: com.box2d.desktop.Main
Launcher Type: SUN_STANDARD

Environment Variables:
PATH=C:/Program Files (x86)/Java/jre7/bin/client;C:/Program Files (x86)/Java/jre7/bin;C:/Program Files (x86)/Java/jre7/lib/i386;C:\Program Files\Common Files\Microsoft Shared\Windows Live;C:\Windows\system32;C:\Windows;C:\Windows\System32\Wbem;C:\Windows\System32\WindowsPowerShell\v1.0\;C:\Program Files\WIDCOMM\Bluetooth Software\;C:\Program Files\WIDCOMM\Bluetooth Software\syswow64;\;C:\Program Files (x86)\Sony\VAIO Startup Setting Tool;c:\Program Files (x86)\ATI Technologies\ATI.ACE\Core-Static;C:\Program Files\doxygen\bin;C:\Program Files\TortoiseSVN\bin;C:\Program Files (x86)\Microsoft SQL Server\90\Tools\binn\;C:\android-ndk-r8;C:\Program Files (x86)\Nmap;C:\Program Files (x86)\OpenVPN\bin;C:\eclipse\eclipse;
USERNAME=aitch_nu
OS=Windows_NT
PROCESSOR_IDENTIFIER=Intel64 Family 6 Model 37 Stepping 5, GenuineIntel



---------------  S Y S T E M  ---------------

OS: Windows 7 Build 7600 

CPU:total 4 (8 cores per cpu, 2 threads per core) family 6 model 37 stepping 5, cmov, cx8, fxsr, mmx, sse, sse2, sse3, ssse3, sse4.1, sse4.2, popcnt, ht

Memory: 4k page, physical 4044900k(1278148k free), swap 8087900k(3722180k free)

vm_info: Java HotSpot(TM) Client VM (16.3-b01) for windows-x86 JRE (1.6.0_20-b02), built on Apr 12 2010 13:52:23 by "java_re" with MS VC++ 7.1 (VS2003)

time: Mon Jul 30 22:23:03 2012
elapsed time: 114 seconds

