#
# A fatal error has been detected by the Java Runtime Environment:
#
#  EXCEPTION_ACCESS_VIOLATION (0xc0000005) at pc=0x197600f7, pid=1720, tid=6576
#
# JRE version: 6.0_20-b02
# Java VM: Java HotSpot(TM) Client VM (16.3-b01 mixed mode windows-x86 )
# Problematic frame:
# C  [atioglxx.dll+0x900f7]
#
# If you would like to submit a bug report, please visit:
#   http://java.sun.com/webapps/bugreport/crash.jsp
# The crash happened outside the Java Virtual Machine in native code.
# See problematic frame for where to report the bug.
#

---------------  T H R E A D  ---------------

Current thread (0x18aa7c00):  JavaThread "LWJGL Application" [_thread_in_native, id=6576, stack(0x190e0000,0x19130000)]

siginfo: ExceptionCode=0xc0000005, reading address 0x00000007

Registers:
EAX=0x00000000, EBX=0x1a447060, ECX=0x1a431f20, EDX=0x00000000
ESP=0x19129818, EBP=0x00000000, ESI=0x542de9e0, EDI=0x1a431f20
EIP=0x197600f7, EFLAGS=0x00010216

Top of Stack: (sp=0x19129818)
0x19129818:   00000000 00000000 1976c84c 1a431f20
0x19129828:   00000000 19129844 7459ff80 00000000
0x19129838:   1bcf73c8 1a447060 19c603d2 00000000
0x19129848:   00000000 00000000 19c603e8 00000000
0x19129858:   00000000 00000000 1a447060 1bcf73d0
0x19129868:   1bcf73c8 1bcf73cc 00000000 19cd3001
0x19129878:   1a447060 1bcf73c8 1bcf73cc 1bcf73d0
0x19129888:   00000013 191298b0 1912c790 00000001 

Instructions: (pc=0x197600f7)
0x197600e7:   cc cc cc cc cc cc cc cc cc 8b 4c 24 04 83 ec 08
0x197600f7:   80 78 07 62 56 8b 74 24 18 57 75 0f e8 78 15 00 


Stack: [0x190e0000,0x19130000],  sp=0x19129818,  free space=126191292fck
Native frames: (J=compiled Java code, j=interpreted, Vv=VM code, C=native code)
C  [atioglxx.dll+0x900f7]

[error occurred during error reporting (printing native stack), id 0xc0000005]

Java frames: (J=compiled Java code, j=interpreted, Vv=VM code)
J  org.lwjgl.opengl.GL11.nglBindTexture(IIJ)V
J  com.badlogic.gdx.graphics.g2d.SpriteBatch.renderMesh()V
J  com.badlogic.gdx.graphics.g2d.SpriteBatch.switchTexture(Lcom/badlogic/gdx/graphics/Texture;)V
J  com.badlogic.gdx.graphics.g2d.SpriteBatch.draw(Lcom/badlogic/gdx/graphics/Texture;[FII)V
J  com.box2d.main.TexWrapper.load_texture(Lcom/badlogic/gdx/graphics/g2d/SpriteBatch;)V
J  com.box2d.main.Rectangle.load_texture(Lcom/badlogic/gdx/graphics/g2d/SpriteBatch;)V
J  com.box2d.main.ObjectManager.load_texture()V
J  com.box2d.main.Game.render()V
j  com.badlogic.gdx.backends.lwjgl.LwjglApplication.mainLoop()V+461
j  com.badlogic.gdx.backends.lwjgl.LwjglApplication$1.run()V+27
v  ~StubRoutines::call_stub

---------------  P R O C E S S  ---------------

Java Threads: ( => current thread )
  0x00919400 JavaThread "DestroyJavaVM" [_thread_blocked, id=7100, stack(0x00480000,0x004d0000)]
=>0x18aa7c00 JavaThread "LWJGL Application" [_thread_in_native, id=6576, stack(0x190e0000,0x19130000)]
  0x02438000 JavaThread "Low Memory Detector" daemon [_thread_blocked, id=4932, stack(0x18920000,0x18970000)]
  0x0241e000 JavaThread "CompilerThread0" daemon [_thread_blocked, id=6508, stack(0x18890000,0x188e0000)]
  0x0241c400 JavaThread "Attach Listener" daemon [_thread_blocked, id=2880, stack(0x18800000,0x18850000)]
  0x0241b400 JavaThread "Signal Dispatcher" daemon [_thread_blocked, id=5276, stack(0x18770000,0x187c0000)]
  0x023e6800 JavaThread "Finalizer" daemon [_thread_blocked, id=6736, stack(0x186e0000,0x18730000)]
  0x023e5400 JavaThread "Reference Handler" daemon [_thread_blocked, id=4152, stack(0x18650000,0x186a0000)]

Other Threads:
  0x023e2800 VMThread [stack: 0x185c0000,0x18610000] [id=5360]
  0x02439400 WatcherThread [stack: 0x189b0000,0x18a00000] [id=6504]

VM state:not at safepoint (normal execution)

VM Mutex/Monitor currently owned by a thread: None

Heap
 def new generation   total 14016K, used 1808K [0x044d0000, 0x05400000, 0x09a20000)
  eden space 12480K,   7% used [0x044d0000, 0x045ac370, 0x05100000)
  from space 1536K,  60% used [0x05280000, 0x05367f48, 0x05400000)
  to   space 1536K,   0% used [0x05100000, 0x05100000, 0x05280000)
 tenured generation   total 30976K, used 19520K [0x09a20000, 0x0b860000, 0x144d0000)
   the space 30976K,  63% used [0x09a20000, 0x0ad30278, 0x0ad30400, 0x0b860000)
 compacting perm gen  total 12288K, used 4782K [0x144d0000, 0x150d0000, 0x184d0000)
   the space 12288K,  38% used [0x144d0000, 0x1497b880, 0x1497ba00, 0x150d0000)
No shared spaces configured.

Dynamic libraries:
0x00400000 - 0x00424000 	C:\Program Files (x86)\Java\jre6\bin\javaw.exe
0x774a0000 - 0x77620000 	C:\Windows\SysWOW64\ntdll.dll
0x75720000 - 0x75820000 	C:\Windows\syswow64\kernel32.dll
0x76e60000 - 0x76ea6000 	C:\Windows\syswow64\KERNELBASE.dll
0x72650000 - 0x72687000 	C:\Program Files\AVAST Software\Avast\snxhk.dll
0x76010000 - 0x760b0000 	C:\Windows\syswow64\ADVAPI32.dll
0x75940000 - 0x759ec000 	C:\Windows\syswow64\msvcrt.dll
0x75660000 - 0x75679000 	C:\Windows\SysWOW64\sechost.dll
0x75070000 - 0x75160000 	C:\Windows\syswow64\RPCRT4.dll
0x75010000 - 0x75070000 	C:\Windows\syswow64\SspiCli.dll
0x75000000 - 0x7500c000 	C:\Windows\syswow64\CRYPTBASE.dll
0x76fa0000 - 0x770a0000 	C:\Windows\syswow64\USER32.dll
0x75e90000 - 0x75f20000 	C:\Windows\syswow64\GDI32.dll
0x75df0000 - 0x75dfa000 	C:\Windows\syswow64\LPK.dll
0x75680000 - 0x7571d000 	C:\Windows\syswow64\USP10.dll
0x75e00000 - 0x75e60000 	C:\Windows\system32\IMM32.DLL
0x75220000 - 0x752ec000 	C:\Windows\syswow64\MSCTF.dll
0x7c340000 - 0x7c396000 	C:\Program Files (x86)\Java\jre6\bin\msvcr71.dll
0x6d800000 - 0x6da97000 	C:\Program Files (x86)\Java\jre6\bin\client\jvm.dll
0x6d090000 - 0x6d0c2000 	C:\Windows\system32\WINMM.dll
0x72400000 - 0x7244b000 	C:\Windows\system32\apphelp.dll
0x6d7b0000 - 0x6d7bc000 	C:\Program Files (x86)\Java\jre6\bin\verify.dll
0x6d330000 - 0x6d34f000 	C:\Program Files (x86)\Java\jre6\bin\java.dll
0x6d290000 - 0x6d298000 	C:\Program Files (x86)\Java\jre6\bin\hpi.dll
0x76f90000 - 0x76f95000 	C:\Windows\syswow64\PSAPI.DLL
0x6d7f0000 - 0x6d7ff000 	C:\Program Files (x86)\Java\jre6\bin\zip.dll
0x69080000 - 0x690e3000 	C:\Users\aitch_nu\AppData\Local\Temp\libgdxaitch_nu\3593929314\gdx.dll
0x18c00000 - 0x18c73000 	C:\Users\aitch_nu\AppData\Local\Temp\libgdxaitch_nu\3593929314\lwjgl.dll
0x72450000 - 0x725ee000 	C:\Windows\WinSxS\x86_microsoft.windows.common-controls_6595b64144ccf1df_6.0.7600.16385_none_421189da2b7fabfc\COMCTL32.dll
0x75600000 - 0x75657000 	C:\Windows\syswow64\SHLWAPI.dll
0x74290000 - 0x74358000 	C:\Windows\system32\OPENGL32.dll
0x74bc0000 - 0x74be2000 	C:\Windows\system32\GLU32.dll
0x737d0000 - 0x738b7000 	C:\Windows\system32\DDRAW.dll
0x74000000 - 0x74006000 	C:\Windows\system32\DCIMAN32.dll
0x75af0000 - 0x75c8d000 	C:\Windows\syswow64\SETUPAPI.dll
0x75e60000 - 0x75e87000 	C:\Windows\syswow64\CFGMGR32.dll
0x75f30000 - 0x75fbf000 	C:\Windows\syswow64\OLEAUT32.dll
0x75c90000 - 0x75dec000 	C:\Windows\syswow64\ole32.dll
0x761f0000 - 0x76202000 	C:\Windows\syswow64\DEVOBJ.dll
0x70440000 - 0x70453000 	C:\Windows\system32\dwmapi.dll
0x74c00000 - 0x74c09000 	C:\Windows\system32\VERSION.dll
0x18da0000 - 0x18e01000 	C:\Users\aitch_nu\AppData\Local\Temp\libgdxaitch_nu\3593929314\OpenAL32.dll
0x76210000 - 0x76e59000 	C:\Windows\syswow64\SHELL32.dll
0x6fe80000 - 0x6ff00000 	C:\Windows\system32\uxtheme.dll
0x75190000 - 0x75213000 	C:\Windows\syswow64\CLBCatQ.DLL
0x6f5f0000 - 0x6f6e5000 	C:\Windows\System32\PROPSYS.dll
0x75160000 - 0x7518d000 	C:\Windows\syswow64\WINTRUST.dll
0x75820000 - 0x7593c000 	C:\Windows\syswow64\CRYPT32.dll
0x18d80000 - 0x18d8c000 	C:\Windows\syswow64\MSASN1.dll
0x67d70000 - 0x67de2000 	C:\Windows\system32\dsound.dll
0x6d0d0000 - 0x6d0f5000 	C:\Windows\system32\POWRPROF.dll
0x69e50000 - 0x69e89000 	C:\Windows\System32\MMDevApi.dll
0x69dc0000 - 0x69df6000 	C:\Windows\system32\AUDIOSES.DLL
0x196d0000 - 0x1a35f000 	C:\Windows\system32\atioglxx.dll
0x76f50000 - 0x76f85000 	C:\Windows\syswow64\WS2_32.dll
0x75f20000 - 0x75f26000 	C:\Windows\syswow64\NSI.dll
0x1a480000 - 0x1a4b3000 	C:\Windows\system32\atiadlxy.dll
0x1a4c0000 - 0x1a4f8000 	C:\Program Files\WIDCOMM\Bluetooth Software\SysWOW64\BtMmHook.dll
0x6cf60000 - 0x6cfd9000 	C:\Windows\system32\mscms.dll
0x734e0000 - 0x734f7000 	C:\Windows\system32\USERENV.dll
0x734d0000 - 0x734db000 	C:\Windows\system32\profapi.dll
0x74420000 - 0x74458000 	C:\Windows\system32\icm32.dll

VM Arguments:
jvm_args: -Dfile.encoding=Cp1252 
java_command: com.box2d.desktop.Main
Launcher Type: SUN_STANDARD

Environment Variables:
PATH=C:/Program Files (x86)/Java/jre7/bin/client;C:/Program Files (x86)/Java/jre7/bin;C:/Program Files (x86)/Java/jre7/lib/i386;C:\Program Files\Common Files\Microsoft Shared\Windows Live;C:\Windows\system32;C:\Windows;C:\Windows\System32\Wbem;C:\Windows\System32\WindowsPowerShell\v1.0\;C:\Program Files\WIDCOMM\Bluetooth Software\;C:\Program Files\WIDCOMM\Bluetooth Software\syswow64;\;C:\Program Files (x86)\Sony\VAIO Startup Setting Tool;c:\Program Files (x86)\ATI Technologies\ATI.ACE\Core-Static;C:\Program Files\doxygen\bin;C:\Program Files\TortoiseSVN\bin;C:\Program Files (x86)\Microsoft SQL Server\90\Tools\binn\;C:\android-ndk-r8;C:\Program Files (x86)\Nmap;C:\Program Files (x86)\OpenVPN\bin;C:\eclipse\eclipse;
USERNAME=aitch_nu
OS=Windows_NT
PROCESSOR_IDENTIFIER=Intel64 Family 6 Model 37 Stepping 5, GenuineIntel



---------------  S Y S T E M  ---------------

OS: Windows 7 Build 7600 

CPU:total 4 (8 cores per cpu, 2 threads per core) family 6 model 37 stepping 5, cmov, cx8, fxsr, mmx, sse, sse2, sse3, ssse3, sse4.1, sse4.2, popcnt, ht

Memory: 4k page, physical 4044900k(1267764k free), swap 8087900k(3687288k free)

vm_info: Java HotSpot(TM) Client VM (16.3-b01) for windows-x86 JRE (1.6.0_20-b02), built on Apr 12 2010 13:52:23 by "java_re" with MS VC++ 7.1 (VS2003)

time: Mon Jul 30 22:19:37 2012
elapsed time: 114 seconds

